<?xml version='1.0' encoding='UTF-8'?>
<testsuite hostname="Elaine-Li.local" name="popl.hw09Spec" tests="6" errors="0" failures="0" skipped="0" time="0.259" timestamp="2026-05-03T21:14:54">
          <properties>
[...]
</properties>
          <testcase classname="popl.hw09Spec" name="typeInfer should handle object literals" time="0.106">
                      
                    </testcase><testcase classname="popl.hw09Spec" name="typeInfer should handle field dereference expressions" time="0.032">
                      
                    </testcase><testcase classname="popl.hw09Spec" name="typeInfer should handle field assignment expressions" time="0.029">
                      
                    </testcase><testcase classname="popl.hw09Spec" name="eval should handle field dereference expressions" time="0.013">
                      
                    </testcase><testcase classname="popl.hw09Spec" name="eval should handle field assignment expressions" time="0.07">
                      
                    </testcase><testcase classname="popl.hw09Spec" name="eval should handle aliasing" time="0.009">
                      
                    </testcase>
          <system-out><![CDATA[]]></system-out>
          <system-err><![CDATA[]]></system-err>
        </testsuite>