<?xml version='1.0' encoding='UTF-8'?>
<testsuite hostname="10-21-112-0.dynapool.wireless.nyu.edu" name="popl.hw09Spec" tests="42" errors="0" failures="0" skipped="0" time="0.35" timestamp="2026-04-08T16:28:57">
          <properties>
[...]
</properties>
          <testcase classname="popl.hw09Spec" name="typeInfer should infer types of arithmetic expressions" time="0.046">
                      
                    </testcase><testcase classname="popl.hw09Spec" name="typeInfer should infer types of inequality expressions" time="0.0">
                      
                    </testcase><testcase classname="popl.hw09Spec" name="typeInfer should infer types of equality expressions" time="0.002">
                      
                    </testcase><testcase classname="popl.hw09Spec" name="typeInfer should reject equalities involving functions" time="0.008">
                      
                    </testcase><testcase classname="popl.hw09Spec" name="typeInfer should infer types of Boolean expressions" time="0.001">
                      
                    </testcase><testcase classname="popl.hw09Spec" name="typeInfer should infer types of Seq expressions" time="0.0">
                      
                    </testcase><testcase classname="popl.hw09Spec" name="typeInfer should infer types of Function expressions" time="0.002">
                      
                    </testcase><testcase classname="popl.hw09Spec" name="typeInfer should infer types of Call expressions" time="0.002">
                      
                    </testcase><testcase classname="popl.hw09Spec" name="typInfer should reject programs that try to assign non-assignable expressions" time="0.175">
                      
                    </testcase><testcase classname="popl.hw09Spec" name="typeInfer should infer types of assignment expressions" time="0.006">
                      
                    </testcase><testcase classname="popl.hw09Spec" name="typInfer should infer types for different parameter passing modes" time="0.06">
                      
                    </testcase><testcase classname="popl.hw09Spec" name="And should return true only if both expressions are true" time="0.001">
                      
                    </testcase><testcase classname="popl.hw09Spec" name="Or should return true if either or both expressions are true" time="0.0">
                      
                    </testcase><testcase classname="popl.hw09Spec" name="Plus should add two number values and return a number" time="0.0">
                      
                    </testcase><testcase classname="popl.hw09Spec" name="Minus should subtract two number values and return a number" time="0.0">
                      
                    </testcase><testcase classname="popl.hw09Spec" name="Times should multiply two number values and return a number" time="0.0">
                      
                    </testcase><testcase classname="popl.hw09Spec" name="Div should divide two number values and return a number" time="0.001">
                      
                    </testcase><testcase classname="popl.hw09Spec" name="Eq should return true if two numerical values are the same" time="0.0">
                      
                    </testcase><testcase classname="popl.hw09Spec" name="Eq should return false if two numerical values are not the same" time="0.0">
                      
                    </testcase><testcase classname="popl.hw09Spec" name="Ne should return true if two numerical values are different" time="0.0">
                      
                    </testcase><testcase classname="popl.hw09Spec" name="Ne should return false if two numerical values are the same" time="0.0">
                      
                    </testcase><testcase classname="popl.hw09Spec" name="Lt should return true if the first expression is less than the second" time="0.0">
                      
                    </testcase><testcase classname="popl.hw09Spec" name="Lt should return false if the first expression is not strictly less than the second" time="0.0">
                      
                    </testcase><testcase classname="popl.hw09Spec" name="Lt should return false if two number values are the same" time="0.001">
                      
                    </testcase><testcase classname="popl.hw09Spec" name="Le should return true if the first expression is less than the second" time="0.0">
                      
                    </testcase><testcase classname="popl.hw09Spec" name="Le should return false if the first expression is greater than the second" time="0.0">
                      
                    </testcase><testcase classname="popl.hw09Spec" name="Le should return true if two number values are the same" time="0.001">
                      
                    </testcase><testcase classname="popl.hw09Spec" name="Gt should return true if the first expression is greater than the second" time="0.0">
                      
                    </testcase><testcase classname="popl.hw09Spec" name="Gt should return false if the first expression is not strictly greater than the second" time="0.0">
                      
                    </testcase><testcase classname="popl.hw09Spec" name="Gt should return false if two number values are the same" time="0.0">
                      
                    </testcase><testcase classname="popl.hw09Spec" name="Ge should return true if the first expression is greater than the second" time="0.0">
                      
                    </testcase><testcase classname="popl.hw09Spec" name="Ge should return false if the first expression is less than the second" time="0.001">
                      
                    </testcase><testcase classname="popl.hw09Spec" name="Ge should return true if two number values are the same" time="0.0">
                      
                    </testcase><testcase classname="popl.hw09Spec" name="ConstDecl should extend the environment with the first expression results bound to the identifier, and then eval the second expression" time="0.0">
                      
                    </testcase><testcase classname="popl.hw09Spec" name="If should eval the first expression if the conditional is true" time="0.0">
                      
                    </testcase><testcase classname="popl.hw09Spec" name="If should eval the second expression if the conditional is false" time="0.0">
                      
                    </testcase><testcase classname="popl.hw09Spec" name="Seq should execute the first expression, followed by the second, and should eval to the second expression" time="0.0">
                      
                    </testcase><testcase classname="popl.hw09Spec" name="Neg should return the negation of a number value" time="0.001">
                      
                    </testcase><testcase classname="popl.hw09Spec" name="Not should return the compliment of a boolean value" time="0.0">
                      
                    </testcase><testcase classname="popl.hw09Spec" name="Call should evaluate a function using big-step semantics" time="0.001">
                      
                    </testcase><testcase classname="popl.hw09Spec" name="Call should handle recursive functions using big-step semantics" time="0.004">
                      
                    </testcase><testcase classname="popl.hw09Spec" name="Call should handle parameter passing modes" time="0.037">
                      
                    </testcase>
          <system-out><![CDATA[]]></system-out>
          <system-err><![CDATA[]]></system-err>
        </testsuite>